<?xml version="1.0" encoding="UTF-8" ?>
<testsuite tests="5" failures="0" name="com.neo4jh3.TestHierarchy" time="0" errors="0" skipped="0">
  <properties>
[...]
</properties>
  <testcase classname="com.neo4jh3.TestHierarchy" name="testH3ToChildren" time="0"/>
  <testcase classname="com.neo4jh3.TestHierarchy" name="testH3ToParentInvalid2" time="0"/>
  <testcase classname="com.neo4jh3.TestHierarchy" name="testH3ToParentInvalid3" time="0"/>
  <testcase classname="com.neo4jh3.TestHierarchy" name="testH3ToParentInvalidRes" time="0"/>
  <testcase classname="com.neo4jh3.TestHierarchy" name="testH3ToParentInvalid" time="0"/>
</testsuite>